BTL-Mp3Player-app/build/intermediates/manifest_merge_blame_file/debug/manifest-merger-blame-debug-report.txt
1<?xml version="1.0" encoding="utf-8"?>
2<manifest xmlns:android="http://schemas.android.com/apk/res/android"
3    package="com.example.btl.mp3player"
4    android:versionCode="1"
5    android:versionName="1.0" >
6
7    <uses-sdk
8        android:minSdkVersion="17"
8-->src\main\AndroidManifest.xml
9        android:targetSdkVersion="28" />
9-->src\main\AndroidManifest.xml
10
11    <uses-permission android:name="android.permission.READ_EXTERNAL_STORAGE" />
11-->src\main\AndroidManifest.xml:5:5-80
11-->src\main\AndroidManifest.xml:5:22-77
12
13    <application
13-->src\main\AndroidManifest.xml:7:5-72:19
14        android:name="com.example.btl.mp3player.utils.AppController"
14-->src\main\AndroidManifest.xml:8:9-44
15        android:allowBackup="true"
15-->src\main\AndroidManifest.xml:9:9-35
16        android:appComponentFactory="androidx.core.app.CoreComponentFactory"
16-->[androidx.core:core:1.0.0] AndroidManifest.xml:22:18-86
17        android:debuggable="true"
18        android:hardwareAccelerated="false"
18-->src\main\AndroidManifest.xml:10:9-44
19        android:icon="@mipmap/ic_launcher"
19-->src\main\AndroidManifest.xml:11:9-43
20        android:label="@string/app_name"
20-->src\main\AndroidManifest.xml:12:9-41
21        android:largeHeap="true"
21-->src\main\AndroidManifest.xml:13:9-33
22        android:supportsRtl="true"
22-->src\main\AndroidManifest.xml:14:9-35
23        android:testOnly="true"
24        android:theme="@style/AppTheme" >
24-->src\main\AndroidManifest.xml:15:9-40
25        <activity
25-->src\main\AndroidManifest.xml:16:9-23:20
26            android:name="com.example.btl.mp3player.activities.SplashScreenActivity"
26-->src\main\AndroidManifest.xml:16:19-66
27            android:theme="@style/SplashscreenTheme" >
27-->src\main\AndroidManifest.xml:17:13-53
28            <intent-filter>
28-->src\main\AndroidManifest.xml:18:13-22:29
29                <action android:name="android.intent.action.MAIN" />
29-->src\main\AndroidManifest.xml:19:17-69
29-->src\main\AndroidManifest.xml:19:25-66
30
31                <category android:name="android.intent.category.LAUNCHER" />
31-->src\main\AndroidManifest.xml:21:17-77
31-->src\main\AndroidManifest.xml:21:27-74
32            </intent-filter>
33        </activity>
34        <activity
34-->src\main\AndroidManifest.xml:24:9-29:20
35            android:name="com.example.btl.mp3player.activities.MainActivity"
35-->src\main\AndroidManifest.xml:25:13-52
36            android:label="@string/app_name"
36-->src\main\AndroidManifest.xml:26:13-45
37            android:theme="@style/AppTheme.NoActionBar" >
37-->src\main\AndroidManifest.xml:27:13-56
38        </activity>
39        <activity
39-->src\main\AndroidManifest.xml:30:9-32:59
40            android:name="com.example.btl.mp3player.activities.DetailActivity"
40-->src\main\AndroidManifest.xml:31:13-54
41            android:theme="@style/AppTheme.NoActionBar" />
41-->src\main\AndroidManifest.xml:32:13-56
42        <activity
42-->src\main\AndroidManifest.xml:33:9-36:59
43            android:name="com.example.btl.mp3player.activities.PlayMusicActivity"
43-->src\main\AndroidManifest.xml:34:13-57
44            android:launchMode="singleTop"
44-->src\main\AndroidManifest.xml:35:13-43
45            android:theme="@style/AppTheme.NoActionBar" />
45-->src\main\AndroidManifest.xml:36:13-56
46
47        <service android:name="com.example.btl.mp3player.services.PlayMusicService" />
47-->src\main\AndroidManifest.xml:38:9-62
47-->src\main\AndroidManifest.xml:38:18-59
48
49        <receiver android:name="com.example.btl.mp3player.receivers.NextMusicBroadcastReceiver" >
49-->src\main\AndroidManifest.xml:40:9-44:20
49-->src\main\AndroidManifest.xml:40:19-71
50            <intent-filter>
50-->src\main\AndroidManifest.xml:41:13-43:29
51                <action android:name="com.example.btl.Mp3Player.ACTION_NEXT" />
51-->src\main\AndroidManifest.xml:42:17-80
51-->src\main\AndroidManifest.xml:42:25-77
52            </intent-filter>
53        </receiver>
54        <receiver android:name="com.example.btl.mp3player.receivers.PlayPauseMusicBroadcastReceiver" >
54-->src\main\AndroidManifest.xml:45:9-49:20
54-->src\main\AndroidManifest.xml:45:19-76
55            <intent-filter>
55-->src\main\AndroidManifest.xml:46:13-48:29
56                <action android:name="com.example.btl.Mp3Player.ACTION_PLAY_PAUSE" />
56-->src\main\AndroidManifest.xml:47:17-86
56-->src\main\AndroidManifest.xml:47:25-83
57            </intent-filter>
58        </receiver>
59
60        <activity
60-->src\main\AndroidManifest.xml:51:9-53:59
61            android:name="com.example.btl.mp3player.activities.AlbumListActivity"
61-->src\main\AndroidManifest.xml:52:13-57
62            android:theme="@style/AppTheme.NoActionBar" />
62-->src\main\AndroidManifest.xml:53:13-56
63
64        <receiver android:name="com.example.btl.mp3player.receivers.HeadSetReceiver" >
64-->src\main\AndroidManifest.xml:55:9-59:20
64-->src\main\AndroidManifest.xml:55:19-60
65            <intent-filter>
65-->src\main\AndroidManifest.xml:56:13-58:29
66                <action android:name="android.media.AUDIO_BECOMING_NOISY" />
66-->src\main\AndroidManifest.xml:57:17-77
66-->src\main\AndroidManifest.xml:57:25-74
67            </intent-filter>
68        </receiver>
69        <receiver android:name="com.example.btl.mp3player.receivers.PrevMusicBroadcastReceiver" >
69-->src\main\AndroidManifest.xml:60:9-64:20
69-->src\main\AndroidManifest.xml:60:19-71
70            <intent-filter>
70-->src\main\AndroidManifest.xml:61:13-63:29
71                <action android:name="com.example.btl.Mp3Player.ACTION_PREV" />
71-->src\main\AndroidManifest.xml:62:17-80
71-->src\main\AndroidManifest.xml:62:25-77
72            </intent-filter>
73        </receiver>
74        <receiver android:name="com.example.btl.mp3player.receivers.RemoteReceiver" >
74-->src\main\AndroidManifest.xml:65:9-69:20
74-->src\main\AndroidManifest.xml:65:19-59
75            <intent-filter>
75-->src\main\AndroidManifest.xml:66:13-68:29
76                <action android:name="android.intent.action.MEDIA_BUTTON" />
76-->src\main\AndroidManifest.xml:67:17-77
76-->src\main\AndroidManifest.xml:67:25-74
77            </intent-filter>
78        </receiver>
79
80        <activity android:name="com.example.btl.mp3player.activities.ArtistListActivity" />
80-->src\main\AndroidManifest.xml:71:9-67
80-->src\main\AndroidManifest.xml:71:19-64
81    </application>
82
83</manifest>